<?xml version="1.0" encoding="UTF-8"?>
<!-- Generated by org.testng.reporters.JUnitXMLReporter -->
<testsuite hostname="Khosuzs-MBP.lan" ignored="3" name="Default test(failed)" tests="1" failures="1" timestamp="2020-10-25T03:23:10 EDT" time="4.056" errors="0">
  <testcase name="loginPageTitleTest" time="0.034" classname="com.mco.tests.LoginPageTest">
    <failure type="java.lang.NullPointerException">
      <![CDATA[java.lang.NullPointerException
at com.mco.pages.LoginPage.validatePageTitle(LoginPage.java:40)
at com.mco.tests.LoginPageTest.loginPageTitleTest(LoginPageTest.java:31)
at java.util.ArrayList.forEach(ArrayList.java:1259)
... Removed 27 stack frames]]>
    </failure>
  </testcase> <!-- loginPageTitleTest -->
  <testcase name="loginLogoImageTest" time="0.0" classname="com.mco.tests.LoginPageTest">
    <ignored/>
  </testcase> <!-- loginLogoImageTest -->
  <testcase name="curentUserNameTest" time="0.0" classname="com.mco.tests.LoginPageTest">
    <ignored/>
  </testcase> <!-- curentUserNameTest -->
  <testcase name="loginTest" time="0.0" classname="com.mco.tests.LoginPageTest">
    <ignored/>
  </testcase> <!-- loginTest -->
</testsuite> <!-- Default test(failed) -->
