<?xml version="1.0" encoding="UTF-8"?>
<!-- Generated by org.testng.reporters.JUnitXMLReporter -->
<testsuite hostname="Khosuzs-MBP.lan" ignored="0" name="Multi Cart Portal test cases" tests="6" failures="0" timestamp="2021-01-01T18:05:33 EST" time="23.38" errors="0">
  <testcase name="loginPageTitleTest" time="0.142" classname="com.mco.tests.HomePageTest"/>
  <testcase name="loginSourceButtonNameTest" time="0.364" classname="com.mco.tests.HomePageTest"/>
  <testcase name="abotUsLinkTest" time="0.142" classname="com.mco.tests.HomePageTest"/>
  <testcase name="contactUsLinkTest" time="0.138" classname="com.mco.tests.HomePageTest"/>
  <testcase name="viewCartLinkTest" time="0.193" classname="com.mco.tests.HomePageTest"/>
  <testcase name="CurrencyListsTest" time="0.903" classname="com.mco.tests.HomePageTest"/>
</testsuite> <!-- Multi Cart Portal test cases -->
