<?xml version="1.0" encoding="UTF-8"?>
<!-- Generated by org.testng.reporters.JUnitXMLReporter -->
<testsuite ignored="5" hostname="khosruzs-MBP.lan" failures="0" tests="1" name="Default test" time="6.714" errors="0" timestamp="2021-01-18T18:44:23 EST">
  <testcase classname="com.mco.tests.HomePageTest" name="loginPageTitleTest" time="0.059"/>
  <testcase classname="com.mco.tests.HomePageTest" name="loginSourceButtonNameTest" time="0.0">
    <ignored/>
  </testcase> <!-- loginSourceButtonNameTest -->
  <testcase classname="com.mco.tests.HomePageTest" name="contactUsLinkTest" time="0.0">
    <ignored/>
  </testcase> <!-- contactUsLinkTest -->
  <testcase classname="com.mco.tests.HomePageTest" name="abotUsLinkTest" time="0.0">
    <ignored/>
  </testcase> <!-- abotUsLinkTest -->
  <testcase classname="com.mco.tests.HomePageTest" name="CurrencyListsTest" time="0.0">
    <ignored/>
  </testcase> <!-- CurrencyListsTest -->
  <testcase classname="com.mco.tests.HomePageTest" name="viewCartLinkTest" time="0.0">
    <ignored/>
  </testcase> <!-- viewCartLinkTest -->
</testsuite> <!-- Default test -->
