<?xml version="1.0" encoding="UTF-8"?>
<!-- Generated by org.testng.reporters.JUnitXMLReporter -->
<testsuite ignored="3" hostname="khosruzs-MBP.lan" failures="0" tests="1" name="Default test" time="9.181" errors="0" timestamp="2021-01-19T17:47:45 EST">
  <testcase classname="com.mco.tests.LoginPageTest" name="curentUserNameTest" time="3.322"/>
  <testcase classname="com.mco.tests.LoginPageTest" name="loginPageTitleTest" time="0.0">
    <ignored/>
  </testcase> <!-- loginPageTitleTest -->
  <testcase classname="com.mco.tests.LoginPageTest" name="loginLogoImageTest" time="0.0">
    <ignored/>
  </testcase> <!-- loginLogoImageTest -->
  <testcase classname="com.mco.tests.LoginPageTest" name="loginTest" time="0.0">
    <ignored/>
  </testcase> <!-- loginTest -->
</testsuite> <!-- Default test -->
