<?xml version="1.0" encoding="UTF-8"?>
<!-- Generated by org.testng.reporters.JUnitXMLReporter -->
<testsuite ignored="0" hostname="khosruzs-MBP.lan" failures="1" tests="6" name="Test" time="33.75" errors="0" timestamp="2021-01-12T19:32:31 EST">
  <testcase classname="com.mco.tests.HomePageTest" name="loginPageTitleTest" time="0.033"/>
  <testcase classname="com.mco.tests.HomePageTest" name="loginSourceButtonNameTest" time="0.188"/>
  <testcase classname="com.mco.tests.HomePageTest" name="abotUsLinkTest" time="0.556"/>
  <testcase classname="com.mco.tests.HomePageTest" name="contactUsLinkTest" time="0.511"/>
  <testcase classname="com.mco.tests.HomePageTest" name="viewCartLinkTest" time="0.505"/>
  <testcase classname="com.mco.tests.HomePageTest" name="CurrencyListsTest" time="0.56">
    <failure type="java.lang.AssertionError" message="AUSTRALIAN DOLLAR expected:&amp;lt;AUSTRALIAN DOLLAR&amp;gt; but was:&amp;lt;Nothing Match!!!!&amp;gt;">
      <![CDATA[java.lang.AssertionError: AUSTRALIAN DOLLAR expected:<AUSTRALIAN DOLLAR> but was:<Nothing Match!!!!>
at com.mco.tests.HomePageTest.CurrencyListsTest(HomePageTest.java:61)
at java.base/java.util.ArrayList.forEach(ArrayList.java:1511)
... Removed 28 stack frames]]>
    </failure>
  </testcase> <!-- CurrencyListsTest -->
</testsuite> <!-- Test -->
