<?xml version="1.0" encoding="UTF-8"?>
<!-- Generated by org.testng.reporters.JUnitXMLReporter -->
<testsuite hostname="khosruzs-MBP.lan" ignored="0" name="Multi Cart Portal test cases" tests="6" failures="0" timestamp="2021-01-15T20:37:09 EST" time="50.132" errors="0">
  <testcase name="loginPageTitleTest" time="0.021" classname="com.mco.tests.HomePageTest"/>
  <testcase name="loginSourceButtonNameTest" time="0.129" classname="com.mco.tests.HomePageTest"/>
  <testcase name="abotUsLinkTest" time="0.472" classname="com.mco.tests.HomePageTest"/>
  <testcase name="contactUsLinkTest" time="0.468" classname="com.mco.tests.HomePageTest"/>
  <testcase name="viewCartLinkTest" time="0.487" classname="com.mco.tests.HomePageTest"/>
  <testcase name="CurrencyListsTest" time="0.572" classname="com.mco.tests.HomePageTest"/>
</testsuite> <!-- Multi Cart Portal test cases -->
