<?xml version="1.0" encoding="UTF-8"?>
<!-- Generated by org.testng.reporters.JUnitXMLReporter -->
<testsuite ignored="0" hostname="khosruzs-MBP.lan" failures="0" tests="6" name="Multi Cart Portal test cases" time="34.735" errors="0" timestamp="2021-01-14T20:44:43 EST">
  <testcase classname="com.mco.tests.HomePageTest" name="loginPageTitleTest" time="0.04"/>
  <testcase classname="com.mco.tests.HomePageTest" name="loginSourceButtonNameTest" time="0.137"/>
  <testcase classname="com.mco.tests.HomePageTest" name="abotUsLinkTest" time="0.502"/>
  <testcase classname="com.mco.tests.HomePageTest" name="contactUsLinkTest" time="0.47"/>
  <testcase classname="com.mco.tests.HomePageTest" name="viewCartLinkTest" time="0.464"/>
  <testcase classname="com.mco.tests.HomePageTest" name="CurrencyListsTest" time="0.556"/>
</testsuite> <!-- Multi Cart Portal test cases -->
