<?xml version="1.0" encoding="UTF-8"?>
<!-- Generated by org.testng.reporters.JUnitXMLReporter -->
<testsuite ignored="0" hostname="khosruzs-MBP.lan" failures="0" tests="6" name="Multi Cart Portal test cases" time="36.492" errors="0" timestamp="2021-01-18T18:46:57 EST">
  <testcase classname="com.mco.tests.HomePageTest" name="loginPageTitleTest" time="0.068"/>
  <testcase classname="com.mco.tests.HomePageTest" name="loginSourceButtonNameTest" time="0.157"/>
  <testcase classname="com.mco.tests.HomePageTest" name="abotUsLinkTest" time="0.454"/>
  <testcase classname="com.mco.tests.HomePageTest" name="contactUsLinkTest" time="0.474"/>
  <testcase classname="com.mco.tests.HomePageTest" name="viewCartLinkTest" time="0.475"/>
  <testcase classname="com.mco.tests.HomePageTest" name="CurrencyListsTest" time="0.548"/>
</testsuite> <!-- Multi Cart Portal test cases -->
