<?xml version="1.0" encoding="UTF-8"?>
<testng-results skipped="0" failed="0" ignored="0" total="6" passed="6">
  <reporter-output>
  </reporter-output>
  <suite name="Multi Cart Sanity Suit" duration-ms="50132" started-at="2021-01-15T20:36:18 EST" finished-at="2021-01-15T20:37:09 EST">
    <groups>
    </groups>
    <test name="Multi Cart Portal test cases" duration-ms="50132" started-at="2021-01-15T20:36:18 EST" finished-at="2021-01-15T20:37:09 EST">
      <class name="com.mco.tests.HomePageTest">
        <test-method status="PASS" signature="setUp()[pri:0, instance:com.mco.tests.HomePageTest@67b92f0a]" name="setUp" is-config="true" duration-ms="16484" started-at="2021-01-15T20:36:19 EST" finished-at="2021-01-15T20:36:35 EST">
          <reporter-output>
          </reporter-output>
        </test-method> <!-- setUp -->
        <test-method status="PASS" signature="loginPageTitleTest()[pri:1, instance:com.mco.tests.HomePageTest@67b92f0a]" name="loginPageTitleTest" duration-ms="21" started-at="2021-01-15T20:36:35 EST" finished-at="2021-01-15T20:36:35 EST">
          <reporter-output>
          </reporter-output>
        </test-method> <!-- loginPageTitleTest -->
        <test-method status="PASS" signature="tearDown()[pri:0, instance:com.mco.tests.HomePageTest@67b92f0a]" name="tearDown" is-config="true" duration-ms="80" started-at="2021-01-15T20:36:35 EST" finished-at="2021-01-15T20:36:35 EST">
          <reporter-output>
          </reporter-output>
        </test-method> <!-- tearDown -->
        <test-method status="PASS" signature="setUp()[pri:0, instance:com.mco.tests.HomePageTest@67b92f0a]" name="setUp" is-config="true" duration-ms="5735" started-at="2021-01-15T20:36:35 EST" finished-at="2021-01-15T20:36:41 EST">
          <reporter-output>
          </reporter-output>
        </test-method> <!-- setUp -->
        <test-method status="PASS" signature="loginSourceButtonNameTest()[pri:2, instance:com.mco.tests.HomePageTest@67b92f0a]" name="loginSourceButtonNameTest" duration-ms="129" started-at="2021-01-15T20:36:41 EST" finished-at="2021-01-15T20:36:41 EST">
          <reporter-output>
          </reporter-output>
        </test-method> <!-- loginSourceButtonNameTest -->
        <test-method status="PASS" signature="tearDown()[pri:0, instance:com.mco.tests.HomePageTest@67b92f0a]" name="tearDown" is-config="true" duration-ms="77" started-at="2021-01-15T20:36:41 EST" finished-at="2021-01-15T20:36:41 EST">
          <reporter-output>
          </reporter-output>
        </test-method> <!-- tearDown -->
        <test-method status="PASS" signature="setUp()[pri:0, instance:com.mco.tests.HomePageTest@67b92f0a]" name="setUp" is-config="true" duration-ms="7291" started-at="2021-01-15T20:36:41 EST" finished-at="2021-01-15T20:36:48 EST">
          <reporter-output>
          </reporter-output>
        </test-method> <!-- setUp -->
        <test-method status="PASS" signature="abotUsLinkTest()[pri:3, instance:com.mco.tests.HomePageTest@67b92f0a]" name="abotUsLinkTest" duration-ms="472" started-at="2021-01-15T20:36:48 EST" finished-at="2021-01-15T20:36:49 EST">
          <reporter-output>
          </reporter-output>
        </test-method> <!-- abotUsLinkTest -->
        <test-method status="PASS" signature="tearDown()[pri:0, instance:com.mco.tests.HomePageTest@67b92f0a]" name="tearDown" is-config="true" duration-ms="78" started-at="2021-01-15T20:36:49 EST" finished-at="2021-01-15T20:36:49 EST">
          <reporter-output>
          </reporter-output>
        </test-method> <!-- tearDown -->
        <test-method status="PASS" signature="setUp()[pri:0, instance:com.mco.tests.HomePageTest@67b92f0a]" name="setUp" is-config="true" duration-ms="6041" started-at="2021-01-15T20:36:49 EST" finished-at="2021-01-15T20:36:55 EST">
          <reporter-output>
          </reporter-output>
        </test-method> <!-- setUp -->
        <test-method status="PASS" signature="contactUsLinkTest()[pri:4, instance:com.mco.tests.HomePageTest@67b92f0a]" name="contactUsLinkTest" duration-ms="468" started-at="2021-01-15T20:36:55 EST" finished-at="2021-01-15T20:36:55 EST">
          <reporter-output>
          </reporter-output>
        </test-method> <!-- contactUsLinkTest -->
        <test-method status="PASS" signature="tearDown()[pri:0, instance:com.mco.tests.HomePageTest@67b92f0a]" name="tearDown" is-config="true" duration-ms="81" started-at="2021-01-15T20:36:55 EST" finished-at="2021-01-15T20:36:56 EST">
          <reporter-output>
          </reporter-output>
        </test-method> <!-- tearDown -->
        <test-method status="PASS" signature="setUp()[pri:0, instance:com.mco.tests.HomePageTest@67b92f0a]" name="setUp" is-config="true" duration-ms="6112" started-at="2021-01-15T20:36:56 EST" finished-at="2021-01-15T20:37:02 EST">
          <reporter-output>
          </reporter-output>
        </test-method> <!-- setUp -->
        <test-method status="PASS" signature="viewCartLinkTest()[pri:6, instance:com.mco.tests.HomePageTest@67b92f0a]" name="viewCartLinkTest" duration-ms="487" started-at="2021-01-15T20:37:02 EST" finished-at="2021-01-15T20:37:02 EST">
          <reporter-output>
          </reporter-output>
        </test-method> <!-- viewCartLinkTest -->
        <test-method status="PASS" signature="tearDown()[pri:0, instance:com.mco.tests.HomePageTest@67b92f0a]" name="tearDown" is-config="true" duration-ms="78" started-at="2021-01-15T20:37:02 EST" finished-at="2021-01-15T20:37:02 EST">
          <reporter-output>
          </reporter-output>
        </test-method> <!-- tearDown -->
        <test-method status="PASS" signature="setUp()[pri:0, instance:com.mco.tests.HomePageTest@67b92f0a]" name="setUp" is-config="true" duration-ms="5772" started-at="2021-01-15T20:37:02 EST" finished-at="2021-01-15T20:37:08 EST">
          <reporter-output>
          </reporter-output>
        </test-method> <!-- setUp -->
        <test-method status="PASS" signature="CurrencyListsTest()[pri:7, instance:com.mco.tests.HomePageTest@67b92f0a]" name="CurrencyListsTest" duration-ms="572" started-at="2021-01-15T20:37:08 EST" finished-at="2021-01-15T20:37:09 EST">
          <reporter-output>
          </reporter-output>
        </test-method> <!-- CurrencyListsTest -->
        <test-method status="PASS" signature="tearDown()[pri:0, instance:com.mco.tests.HomePageTest@67b92f0a]" name="tearDown" is-config="true" duration-ms="82" started-at="2021-01-15T20:37:09 EST" finished-at="2021-01-15T20:37:09 EST">
          <reporter-output>
          </reporter-output>
        </test-method> <!-- tearDown -->
      </class> <!-- com.mco.tests.HomePageTest -->
    </test> <!-- Multi Cart Portal test cases -->
  </suite> <!-- Multi Cart Sanity Suit -->
</testng-results>
