<?xml version="1.0" encoding="UTF-8"?>
<testng-results ignored="3" total="4" passed="1" failed="0" skipped="0">
  <reporter-output>
  </reporter-output>
  <suite started-at="2021-01-19T17:47:36 EST" name="Default suite" finished-at="2021-01-19T17:47:45 EST" duration-ms="9181">
    <groups>
      <group name="Login Functionality">
        <method signature="LoginPageTest.curentUserNameTest()[pri:2, instance:com.mco.tests.LoginPageTest@4da4253]" name="curentUserNameTest" class="com.mco.tests.LoginPageTest"/>
      </group> <!-- Login Functionality -->
    </groups>
    <test started-at="2021-01-19T17:47:36 EST" name="Default test" finished-at="2021-01-19T17:47:45 EST" duration-ms="9181">
      <class name="com.mco.tests.LoginPageTest">
        <test-method is-config="true" signature="setUp()[pri:0, instance:com.mco.tests.LoginPageTest@4da4253]" started-at="2021-01-19T17:47:36 EST" name="setUp" finished-at="2021-01-19T17:47:41 EST" duration-ms="5720" status="PASS">
          <reporter-output>
          </reporter-output>
        </test-method> <!-- setUp -->
        <test-method signature="curentUserNameTest()[pri:2, instance:com.mco.tests.LoginPageTest@4da4253]" started-at="2021-01-19T17:47:41 EST" name="curentUserNameTest" finished-at="2021-01-19T17:47:45 EST" duration-ms="3322" status="PASS">
          <reporter-output>
          </reporter-output>
        </test-method> <!-- curentUserNameTest -->
        <test-method is-config="true" signature="tearDown()[pri:0, instance:com.mco.tests.LoginPageTest@4da4253]" started-at="2021-01-19T17:47:45 EST" name="tearDown" finished-at="2021-01-19T17:47:45 EST" duration-ms="92" status="PASS">
          <reporter-output>
          </reporter-output>
        </test-method> <!-- tearDown -->
      </class> <!-- com.mco.tests.LoginPageTest -->
    </test> <!-- Default test -->
  </suite> <!-- Default suite -->
</testng-results>
