<?xml version="1.0" encoding="UTF-8"?>
<testng-results ignored="0" total="14" passed="14" failed="0" skipped="0">
  <reporter-output>
  </reporter-output>
  <suite started-at="2021-01-19T17:20:10 EST" name="Multi Cart Sanity Suit" finished-at="2021-01-19T17:21:27 EST" duration-ms="77330">
    <groups>
      <group name="UI TEST">
        <method signature="LoginPageTest.loginLogoImageTest()[pri:0, instance:com.mco.tests.LoginPageTest@65f095f8]" name="loginLogoImageTest" class="com.mco.tests.LoginPageTest"/>
        <method signature="LoginPageTest.loginPageTitleTest()[pri:0, instance:com.mco.tests.LoginPageTest@65f095f8]" name="loginPageTitleTest" class="com.mco.tests.LoginPageTest"/>
      </group> <!-- UI TEST -->
      <group name="Login Functionality">
        <method signature="LoginPageTest.curentUserNameTest()[pri:2, instance:com.mco.tests.LoginPageTest@65f095f8]" name="curentUserNameTest" class="com.mco.tests.LoginPageTest"/>
        <method signature="LoginPageTest.loginTest()[pri:1, instance:com.mco.tests.LoginPageTest@65f095f8]" name="loginTest" class="com.mco.tests.LoginPageTest"/>
      </group> <!-- Login Functionality -->
    </groups>
    <test started-at="2021-01-19T17:20:10 EST" name="Multi Cart Regression test Suit" finished-at="2021-01-19T17:21:27 EST" duration-ms="77330">
      <class name="com.mco.tests.LoginPageTest">
        <test-method is-config="true" signature="setUp()[pri:0, instance:com.mco.tests.LoginPageTest@65f095f8]" started-at="2021-01-19T17:20:41 EST" name="setUp" finished-at="2021-01-19T17:20:46 EST" duration-ms="4631" status="PASS">
          <reporter-output>
          </reporter-output>
        </test-method> <!-- setUp -->
        <test-method signature="loginLogoImageTest()[pri:0, instance:com.mco.tests.LoginPageTest@65f095f8]" started-at="2021-01-19T17:20:46 EST" name="loginLogoImageTest" finished-at="2021-01-19T17:20:46 EST" duration-ms="81" status="PASS">
          <reporter-output>
          </reporter-output>
        </test-method> <!-- loginLogoImageTest -->
        <test-method is-config="true" signature="tearDown()[pri:0, instance:com.mco.tests.LoginPageTest@65f095f8]" started-at="2021-01-19T17:20:46 EST" name="tearDown" finished-at="2021-01-19T17:20:46 EST" duration-ms="76" status="PASS">
          <reporter-output>
          </reporter-output>
        </test-method> <!-- tearDown -->
        <test-method is-config="true" signature="setUp()[pri:0, instance:com.mco.tests.LoginPageTest@65f095f8]" started-at="2021-01-19T17:20:46 EST" name="setUp" finished-at="2021-01-19T17:20:51 EST" duration-ms="4629" status="PASS">
          <reporter-output>
          </reporter-output>
        </test-method> <!-- setUp -->
        <test-method signature="loginPageTitleTest()[pri:0, instance:com.mco.tests.LoginPageTest@65f095f8]" started-at="2021-01-19T17:20:51 EST" name="loginPageTitleTest" finished-at="2021-01-19T17:20:51 EST" duration-ms="27" status="PASS">
          <reporter-output>
          </reporter-output>
        </test-method> <!-- loginPageTitleTest -->
        <test-method is-config="true" signature="tearDown()[pri:0, instance:com.mco.tests.LoginPageTest@65f095f8]" started-at="2021-01-19T17:20:51 EST" name="tearDown" finished-at="2021-01-19T17:20:51 EST" duration-ms="75" status="PASS">
          <reporter-output>
          </reporter-output>
        </test-method> <!-- tearDown -->
        <test-method is-config="true" signature="setUp()[pri:0, instance:com.mco.tests.LoginPageTest@65f095f8]" started-at="2021-01-19T17:20:51 EST" name="setUp" finished-at="2021-01-19T17:20:55 EST" duration-ms="3812" status="PASS">
          <reporter-output>
          </reporter-output>
        </test-method> <!-- setUp -->
        <test-method signature="loginTest()[pri:1, instance:com.mco.tests.LoginPageTest@65f095f8]" started-at="2021-01-19T17:20:55 EST" name="loginTest" finished-at="2021-01-19T17:20:55 EST" duration-ms="547" status="PASS">
          <reporter-output>
          </reporter-output>
        </test-method> <!-- loginTest -->
        <test-method is-config="true" signature="tearDown()[pri:0, instance:com.mco.tests.LoginPageTest@65f095f8]" started-at="2021-01-19T17:20:55 EST" name="tearDown" finished-at="2021-01-19T17:20:55 EST" duration-ms="79" status="PASS">
          <reporter-output>
          </reporter-output>
        </test-method> <!-- tearDown -->
        <test-method is-config="true" signature="setUp()[pri:0, instance:com.mco.tests.LoginPageTest@65f095f8]" started-at="2021-01-19T17:20:55 EST" name="setUp" finished-at="2021-01-19T17:21:00 EST" duration-ms="4487" status="PASS">
          <reporter-output>
          </reporter-output>
        </test-method> <!-- setUp -->
        <test-method signature="curentUserNameTest()[pri:2, instance:com.mco.tests.LoginPageTest@65f095f8]" started-at="2021-01-19T17:21:00 EST" name="curentUserNameTest" finished-at="2021-01-19T17:21:02 EST" duration-ms="2090" status="PASS">
          <reporter-output>
          </reporter-output>
        </test-method> <!-- curentUserNameTest -->
        <test-method is-config="true" signature="tearDown()[pri:0, instance:com.mco.tests.LoginPageTest@65f095f8]" started-at="2021-01-19T17:21:02 EST" name="tearDown" finished-at="2021-01-19T17:21:02 EST" duration-ms="95" status="PASS">
          <reporter-output>
          </reporter-output>
        </test-method> <!-- tearDown -->
      </class> <!-- com.mco.tests.LoginPageTest -->
      <class name="com.mco.tests.RegistrationPageTest">
        <test-method is-config="true" signature="setUp()[pri:0, instance:com.mco.tests.RegistrationPageTest@59af0466]" started-at="2021-01-19T17:21:02 EST" name="setUp" finished-at="2021-01-19T17:21:07 EST" duration-ms="4684" status="PASS">
          <reporter-output>
          </reporter-output>
        </test-method> <!-- setUp -->
        <test-method signature="loginPageTitleTest()[pri:1, instance:com.mco.tests.RegistrationPageTest@59af0466]" started-at="2021-01-19T17:21:07 EST" name="loginPageTitleTest" finished-at="2021-01-19T17:21:07 EST" duration-ms="21" status="PASS">
          <reporter-output>
          </reporter-output>
        </test-method> <!-- loginPageTitleTest -->
        <test-method is-config="true" signature="tearDown()[pri:0, instance:com.mco.tests.RegistrationPageTest@59af0466]" started-at="2021-01-19T17:21:07 EST" name="tearDown" finished-at="2021-01-19T17:21:07 EST" duration-ms="80" status="PASS">
          <reporter-output>
          </reporter-output>
        </test-method> <!-- tearDown -->
        <test-method is-config="true" signature="setUp()[pri:0, instance:com.mco.tests.RegistrationPageTest@59af0466]" started-at="2021-01-19T17:21:07 EST" name="setUp" finished-at="2021-01-19T17:21:11 EST" duration-ms="3698" status="PASS">
          <reporter-output>
          </reporter-output>
        </test-method> <!-- setUp -->
        <test-method signature="newUserRegistrationTest(java.lang.String, java.lang.String, java.lang.String, java.lang.String, java.lang.String, java.lang.String, java.lang.String)[pri:2, instance:com.mco.tests.RegistrationPageTest@59af0466]" started-at="2021-01-19T17:21:11 EST" name="newUserRegistrationTest" data-provider="getMCOTestData" finished-at="2021-01-19T17:21:13 EST" duration-ms="2401" status="PASS">
          <params>
            <param index="0">
              <value>
                <![CDATA[meraj1@gmail.com]]>
              </value>
            </param>
            <param index="1">
              <value>
                <![CDATA[meraj1@gmail.com]]>
              </value>
            </param>
            <param index="2">
              <value>
                <![CDATA[meraj1@gmail.com]]>
              </value>
            </param>
            <param index="3">
              <value>
                <![CDATA[meraj1@gmail.com]]>
              </value>
            </param>
            <param index="4">
              <value>
                <![CDATA[meraj1@gmail.com]]>
              </value>
            </param>
            <param index="5">
              <value>
                <![CDATA[meraj1@gmail.com]]>
              </value>
            </param>
            <param index="6">
              <value>
                <![CDATA[meraj1@gmail.com]]>
              </value>
            </param>
          </params>
          <reporter-output>
          </reporter-output>
        </test-method> <!-- newUserRegistrationTest -->
        <test-method is-config="true" signature="tearDown()[pri:0, instance:com.mco.tests.RegistrationPageTest@59af0466]" started-at="2021-01-19T17:21:13 EST" name="tearDown" finished-at="2021-01-19T17:21:14 EST" duration-ms="79" status="PASS">
          <reporter-output>
          </reporter-output>
        </test-method> <!-- tearDown -->
        <test-method is-config="true" signature="setUp()[pri:0, instance:com.mco.tests.RegistrationPageTest@59af0466]" started-at="2021-01-19T17:21:14 EST" name="setUp" finished-at="2021-01-19T17:21:18 EST" duration-ms="4699" status="PASS">
          <reporter-output>
          </reporter-output>
        </test-method> <!-- setUp -->
        <test-method signature="newUserRegistrationTest(java.lang.String, java.lang.String, java.lang.String, java.lang.String, java.lang.String, java.lang.String, java.lang.String)[pri:2, instance:com.mco.tests.RegistrationPageTest@59af0466]" started-at="2021-01-19T17:21:18 EST" name="newUserRegistrationTest" data-provider="getMCOTestData" finished-at="2021-01-19T17:21:20 EST" duration-ms="2275" status="PASS">
          <params>
            <param index="0">
              <value>
                <![CDATA[meraj2@gmail.com]]>
              </value>
            </param>
            <param index="1">
              <value>
                <![CDATA[meraj2@gmail.com]]>
              </value>
            </param>
            <param index="2">
              <value>
                <![CDATA[meraj2@gmail.com]]>
              </value>
            </param>
            <param index="3">
              <value>
                <![CDATA[meraj2@gmail.com]]>
              </value>
            </param>
            <param index="4">
              <value>
                <![CDATA[meraj2@gmail.com]]>
              </value>
            </param>
            <param index="5">
              <value>
                <![CDATA[meraj2@gmail.com]]>
              </value>
            </param>
            <param index="6">
              <value>
                <![CDATA[meraj2@gmail.com]]>
              </value>
            </param>
          </params>
          <reporter-output>
          </reporter-output>
        </test-method> <!-- newUserRegistrationTest -->
        <test-method is-config="true" signature="tearDown()[pri:0, instance:com.mco.tests.RegistrationPageTest@59af0466]" started-at="2021-01-19T17:21:20 EST" name="tearDown" finished-at="2021-01-19T17:21:21 EST" duration-ms="77" status="PASS">
          <reporter-output>
          </reporter-output>
        </test-method> <!-- tearDown -->
        <test-method is-config="true" signature="setUp()[pri:0, instance:com.mco.tests.RegistrationPageTest@59af0466]" started-at="2021-01-19T17:21:21 EST" name="setUp" finished-at="2021-01-19T17:21:25 EST" duration-ms="4486" status="PASS">
          <reporter-output>
          </reporter-output>
        </test-method> <!-- setUp -->
        <test-method signature="newUserRegistrationTest(java.lang.String, java.lang.String, java.lang.String, java.lang.String, java.lang.String, java.lang.String, java.lang.String)[pri:2, instance:com.mco.tests.RegistrationPageTest@59af0466]" started-at="2021-01-19T17:21:25 EST" name="newUserRegistrationTest" data-provider="getMCOTestData" finished-at="2021-01-19T17:21:27 EST" duration-ms="2205" status="PASS">
          <params>
            <param index="0">
              <value>
                <![CDATA[meraj3@gmail.com]]>
              </value>
            </param>
            <param index="1">
              <value>
                <![CDATA[meraj3@gmail.com]]>
              </value>
            </param>
            <param index="2">
              <value>
                <![CDATA[meraj3@gmail.com]]>
              </value>
            </param>
            <param index="3">
              <value>
                <![CDATA[meraj3@gmail.com]]>
              </value>
            </param>
            <param index="4">
              <value>
                <![CDATA[meraj3@gmail.com]]>
              </value>
            </param>
            <param index="5">
              <value>
                <![CDATA[meraj3@gmail.com]]>
              </value>
            </param>
            <param index="6">
              <value>
                <![CDATA[meraj3@gmail.com]]>
              </value>
            </param>
          </params>
          <reporter-output>
          </reporter-output>
        </test-method> <!-- newUserRegistrationTest -->
        <test-method is-config="true" signature="tearDown()[pri:0, instance:com.mco.tests.RegistrationPageTest@59af0466]" started-at="2021-01-19T17:21:27 EST" name="tearDown" finished-at="2021-01-19T17:21:27 EST" duration-ms="81" status="PASS">
          <reporter-output>
          </reporter-output>
        </test-method> <!-- tearDown -->
      </class> <!-- com.mco.tests.RegistrationPageTest -->
      <class name="com.mco.tests.HomePageTest">
        <test-method is-config="true" signature="setUp()[pri:0, instance:com.mco.tests.HomePageTest@34f7cfd9]" started-at="2021-01-19T17:20:10 EST" name="setUp" finished-at="2021-01-19T17:20:17 EST" duration-ms="6815" status="PASS">
          <reporter-output>
          </reporter-output>
        </test-method> <!-- setUp -->
        <test-method signature="loginPageTitleTest()[pri:1, instance:com.mco.tests.HomePageTest@34f7cfd9]" started-at="2021-01-19T17:20:17 EST" name="loginPageTitleTest" finished-at="2021-01-19T17:20:17 EST" duration-ms="44" status="PASS">
          <reporter-output>
          </reporter-output>
        </test-method> <!-- loginPageTitleTest -->
        <test-method is-config="true" signature="tearDown()[pri:0, instance:com.mco.tests.HomePageTest@34f7cfd9]" started-at="2021-01-19T17:20:17 EST" name="tearDown" finished-at="2021-01-19T17:20:17 EST" duration-ms="78" status="PASS">
          <reporter-output>
          </reporter-output>
        </test-method> <!-- tearDown -->
        <test-method is-config="true" signature="setUp()[pri:0, instance:com.mco.tests.HomePageTest@34f7cfd9]" started-at="2021-01-19T17:20:17 EST" name="setUp" finished-at="2021-01-19T17:20:22 EST" duration-ms="4671" status="PASS">
          <reporter-output>
          </reporter-output>
        </test-method> <!-- setUp -->
        <test-method signature="loginSourceButtonNameTest()[pri:2, instance:com.mco.tests.HomePageTest@34f7cfd9]" started-at="2021-01-19T17:20:22 EST" name="loginSourceButtonNameTest" finished-at="2021-01-19T17:20:22 EST" duration-ms="154" status="PASS">
          <reporter-output>
          </reporter-output>
        </test-method> <!-- loginSourceButtonNameTest -->
        <test-method is-config="true" signature="tearDown()[pri:0, instance:com.mco.tests.HomePageTest@34f7cfd9]" started-at="2021-01-19T17:20:22 EST" name="tearDown" finished-at="2021-01-19T17:20:22 EST" duration-ms="78" status="PASS">
          <reporter-output>
          </reporter-output>
        </test-method> <!-- tearDown -->
        <test-method is-config="true" signature="setUp()[pri:0, instance:com.mco.tests.HomePageTest@34f7cfd9]" started-at="2021-01-19T17:20:22 EST" name="setUp" finished-at="2021-01-19T17:20:27 EST" duration-ms="4734" status="PASS">
          <reporter-output>
          </reporter-output>
        </test-method> <!-- setUp -->
        <test-method signature="abotUsLinkTest()[pri:3, instance:com.mco.tests.HomePageTest@34f7cfd9]" started-at="2021-01-19T17:20:27 EST" name="abotUsLinkTest" finished-at="2021-01-19T17:20:27 EST" duration-ms="446" status="PASS">
          <reporter-output>
          </reporter-output>
        </test-method> <!-- abotUsLinkTest -->
        <test-method is-config="true" signature="tearDown()[pri:0, instance:com.mco.tests.HomePageTest@34f7cfd9]" started-at="2021-01-19T17:20:27 EST" name="tearDown" finished-at="2021-01-19T17:20:27 EST" duration-ms="78" status="PASS">
          <reporter-output>
          </reporter-output>
        </test-method> <!-- tearDown -->
        <test-method is-config="true" signature="setUp()[pri:0, instance:com.mco.tests.HomePageTest@34f7cfd9]" started-at="2021-01-19T17:20:27 EST" name="setUp" finished-at="2021-01-19T17:20:31 EST" duration-ms="3749" status="PASS">
          <reporter-output>
          </reporter-output>
        </test-method> <!-- setUp -->
        <test-method signature="contactUsLinkTest()[pri:4, instance:com.mco.tests.HomePageTest@34f7cfd9]" started-at="2021-01-19T17:20:31 EST" name="contactUsLinkTest" finished-at="2021-01-19T17:20:31 EST" duration-ms="467" status="PASS">
          <reporter-output>
          </reporter-output>
        </test-method> <!-- contactUsLinkTest -->
        <test-method is-config="true" signature="tearDown()[pri:0, instance:com.mco.tests.HomePageTest@34f7cfd9]" started-at="2021-01-19T17:20:31 EST" name="tearDown" finished-at="2021-01-19T17:20:31 EST" duration-ms="82" status="PASS">
          <reporter-output>
          </reporter-output>
        </test-method> <!-- tearDown -->
        <test-method is-config="true" signature="setUp()[pri:0, instance:com.mco.tests.HomePageTest@34f7cfd9]" started-at="2021-01-19T17:20:31 EST" name="setUp" finished-at="2021-01-19T17:20:37 EST" duration-ms="5170" status="PASS">
          <reporter-output>
          </reporter-output>
        </test-method> <!-- setUp -->
        <test-method signature="viewCartLinkTest()[pri:6, instance:com.mco.tests.HomePageTest@34f7cfd9]" started-at="2021-01-19T17:20:37 EST" name="viewCartLinkTest" finished-at="2021-01-19T17:20:37 EST" duration-ms="454" status="PASS">
          <reporter-output>
          </reporter-output>
        </test-method> <!-- viewCartLinkTest -->
        <test-method is-config="true" signature="tearDown()[pri:0, instance:com.mco.tests.HomePageTest@34f7cfd9]" started-at="2021-01-19T17:20:37 EST" name="tearDown" finished-at="2021-01-19T17:20:37 EST" duration-ms="77" status="PASS">
          <reporter-output>
          </reporter-output>
        </test-method> <!-- tearDown -->
        <test-method is-config="true" signature="setUp()[pri:0, instance:com.mco.tests.HomePageTest@34f7cfd9]" started-at="2021-01-19T17:20:37 EST" name="setUp" finished-at="2021-01-19T17:20:41 EST" duration-ms="3458" status="PASS">
          <reporter-output>
          </reporter-output>
        </test-method> <!-- setUp -->
        <test-method signature="CurrencyListsTest()[pri:7, instance:com.mco.tests.HomePageTest@34f7cfd9]" started-at="2021-01-19T17:20:41 EST" name="CurrencyListsTest" finished-at="2021-01-19T17:20:41 EST" duration-ms="472" status="PASS">
          <reporter-output>
          </reporter-output>
        </test-method> <!-- CurrencyListsTest -->
        <test-method is-config="true" signature="tearDown()[pri:0, instance:com.mco.tests.HomePageTest@34f7cfd9]" started-at="2021-01-19T17:20:41 EST" name="tearDown" finished-at="2021-01-19T17:20:41 EST" duration-ms="89" status="PASS">
          <reporter-output>
          </reporter-output>
        </test-method> <!-- tearDown -->
      </class> <!-- com.mco.tests.HomePageTest -->
    </test> <!-- Multi Cart Regression test Suit -->
  </suite> <!-- Multi Cart Sanity Suit -->
</testng-results>
