<?xml version="1.0" encoding="UTF-8"?>
<!-- Generated by org.testng.reporters.JUnitXMLReporter -->
<testsuite ignored="0" hostname="khosruzs-MBP.lan" failures="0" tests="14" name="Multi Cart Regression test Suit" time="77.33" errors="0" timestamp="2021-01-19T17:21:27 EST">
  <testcase classname="com.mco.tests.HomePageTest" name="loginPageTitleTest" time="0.044"/>
  <testcase classname="com.mco.tests.HomePageTest" name="loginSourceButtonNameTest" time="0.154"/>
  <testcase classname="com.mco.tests.HomePageTest" name="abotUsLinkTest" time="0.446"/>
  <testcase classname="com.mco.tests.HomePageTest" name="contactUsLinkTest" time="0.467"/>
  <testcase classname="com.mco.tests.HomePageTest" name="viewCartLinkTest" time="0.454"/>
  <testcase classname="com.mco.tests.HomePageTest" name="CurrencyListsTest" time="0.472"/>
  <testcase classname="com.mco.tests.LoginPageTest" name="loginLogoImageTest" time="0.081"/>
  <testcase classname="com.mco.tests.LoginPageTest" name="loginPageTitleTest" time="0.027"/>
  <testcase classname="com.mco.tests.LoginPageTest" name="loginTest" time="0.547"/>
  <testcase classname="com.mco.tests.LoginPageTest" name="curentUserNameTest" time="2.09"/>
  <testcase classname="com.mco.tests.RegistrationPageTest" name="loginPageTitleTest" time="0.021"/>
  <testcase classname="com.mco.tests.RegistrationPageTest" name="newUserRegistrationTest" time="2.401"/>
  <testcase classname="com.mco.tests.RegistrationPageTest" name="newUserRegistrationTest" time="2.275"/>
  <testcase classname="com.mco.tests.RegistrationPageTest" name="newUserRegistrationTest" time="2.205"/>
</testsuite> <!-- Multi Cart Regression test Suit -->
