<?xml version="1.0" encoding="UTF-8"?>
<!-- Generated by org.testng.reporters.JUnitXMLReporter -->
<testsuite ignored="0" hostname="khosruzs-MBP.lan" failures="0" tests="10" name="Multi Cart Portal test cases" time="60.565" errors="0" timestamp="2021-01-18T18:48:30 EST">
  <testcase classname="com.mco.tests.HomePageTest" name="loginPageTitleTest" time="0.064"/>
  <testcase classname="com.mco.tests.HomePageTest" name="loginSourceButtonNameTest" time="0.152"/>
  <testcase classname="com.mco.tests.HomePageTest" name="abotUsLinkTest" time="0.439"/>
  <testcase classname="com.mco.tests.HomePageTest" name="contactUsLinkTest" time="0.476"/>
  <testcase classname="com.mco.tests.HomePageTest" name="viewCartLinkTest" time="0.469"/>
  <testcase classname="com.mco.tests.HomePageTest" name="CurrencyListsTest" time="0.534"/>
  <testcase classname="com.mco.tests.LoginPageTest" name="loginLogoImageTest" time="0.054"/>
  <testcase classname="com.mco.tests.LoginPageTest" name="loginPageTitleTest" time="0.021"/>
  <testcase classname="com.mco.tests.LoginPageTest" name="loginTest" time="0.65"/>
  <testcase classname="com.mco.tests.LoginPageTest" name="curentUserNameTest" time="2.792"/>
</testsuite> <!-- Multi Cart Portal test cases -->
