<?xml version="1.0" encoding="UTF-8"?>
<!-- Generated by org.testng.reporters.JUnitXMLReporter -->
<testsuite ignored="0" hostname="khosruzs-MBP.lan" failures="0" tests="14" name="Multi Cart Regression test Suit" time="89.564" errors="0" timestamp="2021-01-18T18:51:50 EST">
  <testcase classname="com.mco.tests.HomePageTest" name="loginPageTitleTest" time="0.062"/>
  <testcase classname="com.mco.tests.HomePageTest" name="loginSourceButtonNameTest" time="0.156"/>
  <testcase classname="com.mco.tests.HomePageTest" name="abotUsLinkTest" time="0.463"/>
  <testcase classname="com.mco.tests.HomePageTest" name="contactUsLinkTest" time="0.475"/>
  <testcase classname="com.mco.tests.HomePageTest" name="viewCartLinkTest" time="0.509"/>
  <testcase classname="com.mco.tests.HomePageTest" name="CurrencyListsTest" time="0.542"/>
  <testcase classname="com.mco.tests.LoginPageTest" name="loginLogoImageTest" time="0.061"/>
  <testcase classname="com.mco.tests.LoginPageTest" name="loginPageTitleTest" time="0.017"/>
  <testcase classname="com.mco.tests.LoginPageTest" name="loginTest" time="0.635"/>
  <testcase classname="com.mco.tests.LoginPageTest" name="curentUserNameTest" time="2.787"/>
  <testcase classname="com.mco.tests.RegistrationPageTest" name="loginPageTitleTest" time="0.022"/>
  <testcase classname="com.mco.tests.RegistrationPageTest" name="newUserRegistrationTest" time="2.892"/>
  <testcase classname="com.mco.tests.RegistrationPageTest" name="newUserRegistrationTest" time="2.655"/>
  <testcase classname="com.mco.tests.RegistrationPageTest" name="newUserRegistrationTest" time="2.705"/>
</testsuite> <!-- Multi Cart Regression test Suit -->
