<?xml version="1.0" encoding="UTF-8"?>
<!-- Generated by org.testng.reporters.JUnitXMLReporter -->
<testsuite ignored="0" hostname="khosruzs-MBP.lan" failures="0" tests="6" name="Multi Cart Portal test cases" time="32.15" errors="0" timestamp="2021-01-13T20:22:06 EST">
  <testcase classname="com.mco.tests.HomePageTest" name="loginPageTitleTest" time="0.041"/>
  <testcase classname="com.mco.tests.HomePageTest" name="loginSourceButtonNameTest" time="0.204"/>
  <testcase classname="com.mco.tests.HomePageTest" name="abotUsLinkTest" time="0.509"/>
  <testcase classname="com.mco.tests.HomePageTest" name="contactUsLinkTest" time="0.509"/>
  <testcase classname="com.mco.tests.HomePageTest" name="viewCartLinkTest" time="0.541"/>
  <testcase classname="com.mco.tests.HomePageTest" name="CurrencyListsTest" time="0.586"/>
</testsuite> <!-- Multi Cart Portal test cases -->
