<?xml version="1.0" encoding="UTF-8"?>
<!-- Generated by org.testng.reporters.JUnitXMLReporter -->
<testsuite ignored="0" hostname="khosruzs-MBP.lan" failures="0" tests="4" name="testng" time="24.13" errors="0" timestamp="2021-01-14T10:29:25 EST">
  <testcase classname="com.mco.tests.LoginPageTest" name="loginLogoImageTest" time="0.131"/>
  <testcase classname="com.mco.tests.LoginPageTest" name="loginPageTitleTest" time="0.027"/>
  <testcase classname="com.mco.tests.LoginPageTest" name="loginTest" time="0.698"/>
  <testcase classname="com.mco.tests.LoginPageTest" name="curentUserNameTest" time="2.907"/>
</testsuite> <!-- testng -->
